This is pdfTeX, Version 3.14159265-2.6-1.40.16 (TeX Live 2015/Debian) (preloaded format=pdflatex 2017.11.21)  12 DEC 2017 11:02
entering extended mode
 restricted \write18 enabled.
 %&-line parsing enabled.
**CPP_Programming_Document.tex
(./CPP_Programming_Document.tex
LaTeX2e <2016/02/01>
Babel <3.9q> and hyphenation patterns for 5 language(s) loaded.
(/usr/share/texlive/texmf-dist/tex/latex/base/article.cls
Document Class: article 2014/09/29 v1.4h Standard LaTeX document class
(/usr/share/texlive/texmf-dist/tex/latex/base/size10.clo
File: size10.clo 2014/09/29 v1.4h Standard LaTeX file (size option)
)
\c@part=\count79
\c@section=\count80
\c@subsection=\count81
\c@subsubsection=\count82
\c@paragraph=\count83
\c@subparagraph=\count84
\c@figure=\count85
\c@table=\count86
\abovecaptionskip=\skip41
\belowcaptionskip=\skip42
\bibindent=\dimen102
)
(./CPP_Programming_Document.aux)
\openout1 = `CPP_Programming_Document.aux'.

LaTeX Font Info:    Checking defaults for OML/cmm/m/it on input line 3.
LaTeX Font Info:    ... okay on input line 3.
LaTeX Font Info:    Checking defaults for T1/cmr/m/n on input line 3.
LaTeX Font Info:    ... okay on input line 3.
LaTeX Font Info:    Checking defaults for OT1/cmr/m/n on input line 3.
LaTeX Font Info:    ... okay on input line 3.
LaTeX Font Info:    Checking defaults for OMS/cmsy/m/n on input line 3.
LaTeX Font Info:    ... okay on input line 3.
LaTeX Font Info:    Checking defaults for OMX/cmex/m/n on input line 3.
LaTeX Font Info:    ... okay on input line 3.
LaTeX Font Info:    Checking defaults for U/cmr/m/n on input line 3.
LaTeX Font Info:    ... okay on input line 3.

Underfull \hbox (badness 10000) in paragraph at lines 10--14

 []


Underfull \hbox (badness 10000) in paragraph at lines 18--21

 []

! You can't use `macro parameter character #' in horizontal mode.
<recently read> ##
                  
l.29 #
      include<iostream>\\
? 

Underfull \hbox (badness 10000) in paragraph at lines 22--44

 []


Underfull \hbox (badness 10000) in paragraph at lines 22--44

 []


Underfull \hbox (badness 10000) in paragraph at lines 22--44

 []


Underfull \hbox (badness 10000) in paragraph at lines 22--44

 []


Underfull \hbox (badness 10000) in paragraph at lines 22--44

 []


Underfull \hbox (badness 10000) in paragraph at lines 22--44

 []


Underfull \hbox (badness 10000) in paragraph at lines 22--44

 []


Underfull \hbox (badness 10000) in paragraph at lines 22--44

 []


Underfull \hbox (badness 10000) in paragraph at lines 22--44

 []


Underfull \hbox (badness 10000) in paragraph at lines 22--44

 []


Underfull \hbox (badness 10000) in paragraph at lines 22--44

 []

[1

{/var/lib/texmf/fonts/map/pdftex/updmap/pdftex.map}]
(./CPP_Programming_Document.aux) ) 
Here is how much of TeX's memory you used:
 201 strings out of 494910
 2308 string characters out of 6179835
 49540 words of memory out of 5000000
 3579 multiletter control sequences out of 15000+600000
 3640 words of font info for 14 fonts, out of 8000000 for 9000
 36 hyphenation exceptions out of 8191
 23i,4n,17p,189b,107s stack positions out of 5000i,500n,10000p,200000b,80000s
</usr/share/texlive/texmf-dist/fonts/type1/pu
blic/amsfonts/cm/cmr10.pfb>
Output written on CPP_Programming_Document.pdf (1 page, 20943 bytes).
PDF statistics:
 12 PDF objects out of 1000 (max. 8388607)
 7 compressed objects within 1 object stream
 0 named destinations out of 1000 (max. 500000)
 1 words of extra memory for PDF output out of 10000 (max. 10000000)

